<?xml version="1.0" encoding="UTF-8"?>
<!-- Generated by org.testng.reporters.JUnitReportReporter -->
<testsuite skipped="0" hostname="NAGRE" name="Test1" tests="2" failures="0" timestamp="2020-04-15T09:01:13 IST" time="0.002" errors="0">
  <testcase name="testFormFill" time="0.002" classname="Test1"/>
  <system-out/>
  <testcase name="testLogin" time="0.000" classname="Test1"/>
  <system-out/>
</testsuite> <!-- Test1 -->
