<?xml version="1.0" encoding="UTF-8"?>
<!-- Generated by org.testng.reporters.JUnitReportReporter -->
<testsuite skipped="0" hostname="NAGRE" name="TestNG_Parameters" tests="2" failures="0" timestamp="2020-04-15T09:01:13 IST" time="0.001" errors="0">
  <testcase name="testFormFIll" time="0.000" classname="TestNG_Parameters"/>
  <system-out/>
  <testcase name="testFormFIll" time="0.001" classname="TestNG_Parameters"/>
  <system-out/>
</testsuite> <!-- TestNG_Parameters -->
