<?xml version="1.0" encoding="UTF-8"?>
<!-- Generated by org.testng.reporters.JUnitReportReporter -->
<testsuite hostname="NAGRE" name="NewLoginTest" tests="4" failures="0" timestamp="13 Apr 2020 04:10:11 GMT" time="0.015" errors="0">
  <testcase name="testRegistration" time="0.000" classname="NewLoginTest"/>
  <testcase name="testRegistration" time="0.000" classname="NewLoginTest"/>
  <testcase name="testData" time="0.015" classname="NewLoginTest"/>
  <testcase name="testData" time="0.000" classname="NewLoginTest"/>
</testsuite> <!-- NewLoginTest -->
