<?xml version="1.0" encoding="UTF-8"?>
<!-- Generated by org.testng.reporters.JUnitReportReporter -->
<testsuite hostname="NAGRE" name="ReadyAnnotations.NewTest" tests="2" failures="0" timestamp="8 Apr 2020 04:27:56 GMT" time="0.016" errors="0">
  <testcase name="f" time="0.016" classname="ReadyAnnotations.NewTest"/>
  <testcase name="f" time="0.000" classname="ReadyAnnotations.NewTest"/>
</testsuite> <!-- ReadyAnnotations.NewTest -->
