<?xml version="1.0" encoding="UTF-8"?>
<!-- Generated by org.testng.reporters.JUnitReportReporter -->
<testsuite skipped="1" hostname="NAGRE" name="Test2" tests="1" failures="0" timestamp="2020-04-15T09:01:13 IST" time="0.001" errors="0">
  <testcase name="testCaptureScreen" time="0.001" classname="Test2">
    <skipped/>
  </testcase> <!-- testCaptureScreen -->
  <system-out/>
</testsuite> <!-- Test2 -->
