<?xml version="1.0" encoding="UTF-8"?>
<!-- Generated by org.testng.reporters.JUnitReportReporter -->
<testsuite hostname="NAGRE" name="ReadyAnnotations.TestNG_Parameterization_Using_Hashtabale" tests="5" failures="0" timestamp="10 Apr 2020 04:16:18 GMT" time="0.034" errors="0">
  <testcase name="testFormFill" time="0.020" classname="ReadyAnnotations.TestNG_Parameterization_Using_Hashtabale"/>
  <testcase name="testFormFill" time="0.010" classname="ReadyAnnotations.TestNG_Parameterization_Using_Hashtabale"/>
  <testcase name="testFormFill" time="0.002" classname="ReadyAnnotations.TestNG_Parameterization_Using_Hashtabale"/>
  <testcase name="testFormFill" time="0.001" classname="ReadyAnnotations.TestNG_Parameterization_Using_Hashtabale"/>
  <testcase name="testFormFill" time="0.001" classname="ReadyAnnotations.TestNG_Parameterization_Using_Hashtabale"/>
</testsuite> <!-- ReadyAnnotations.TestNG_Parameterization_Using_Hashtabale -->
