<?xml version="1.0" encoding="UTF-8"?>
<!-- Generated by org.testng.reporters.JUnitReportReporter -->
<testsuite hostname="NAGRE" name="DataProviders" tests="2" failures="0" timestamp="13 Apr 2020 03:31:25 GMT" time="0.044" errors="0">
  <testcase name="testData" time="0.010" classname="DataProviders"/>
  <testcase name="testData" time="0.034" classname="DataProviders"/>
</testsuite> <!-- DataProviders -->
