<?xml version="1.0" encoding="UTF-8"?>
<!-- Generated by org.testng.reporters.JUnitReportReporter -->
<testsuite hostname="NAGRE" name="ReadyAnnotations.DataProviders" tests="2" failures="0" timestamp="13 Apr 2020 03:00:34 GMT" time="0.021" errors="0">
  <testcase name="testData" time="0.002" classname="ReadyAnnotations.DataProviders"/>
  <testcase name="testData" time="0.019" classname="ReadyAnnotations.DataProviders"/>
</testsuite> <!-- ReadyAnnotations.DataProviders -->
